#
# A fatal error has been detected by the Java Runtime Environment:
#
#  EXCEPTION_ACCESS_VIOLATION (0xc0000005) at pc=0x00007ffe4d1994db, pid=7016, tid=21224
#
# JRE version: Java(TM) SE Runtime Environment (11.0.2+9) (build 11.0.2+9-LTS)
# Java VM: Java HotSpot(TM) 64-Bit Server VM (11.0.2+9-LTS, mixed mode, tiered, compressed oops, g1 gc, windows-amd64)
# Problematic frame:
# V  [jvm.dll+0x6b94db]
#
# No core dump will be written. Minidumps are not enabled by default on client versions of Windows
#
# If you would like to submit a bug report, please visit:
#   http://bugreport.java.com/bugreport/crash.jsp
#

---------------  S U M M A R Y ------------

Command Line: -agentlib:jdwp=transport=dt_socket,suspend=y,address=localhost:64503 -ea -javaagent:C:\sts-4.1.2.RELEASE\configuration\org.eclipse.osgi\240\0\.cp\lib\javaagent-shaded.jar -Dfile.encoding=UTF-8 org.eclipse.jdt.internal.junit.runner.RemoteTestRunner -version 3 -port 64502 -testLoaderClass org.eclipse.jdt.internal.junit4.runner.JUnit4TestLoader -loaderpluginname org.eclipse.jdt.junit4.runtime -test com.example.demo.service.testJunitAndMockitor.BookThrowExeptionTest:findByIdThrowException

Host: Intel(R) Core(TM) i5-7500 CPU @ 3.40GHz, 4 cores, 7G,  Windows 10 , 64 bit Build 17763 (10.0.17763.379)
Time: Thu Apr 11 01:00:58 2019 SE Asia Standard Time elapsed time: 34205 seconds (0d 9h 30m 5s)

---------------  T H R E A D  ---------------

Current thread (0x0000020a1243f000):  GCTaskThread "GC Thread#3" [stack: 0x00000029dad00000,0x00000029dae00000] [id=21224]

Stack: [0x00000029dad00000,0x00000029dae00000],  sp=0x00000029dadfd2c0,  free space=1012k
Native frames: (J=compiled Java code, j=interpreted, Vv=VM code, C=native code)
V  [jvm.dll+0x6b94db]
V  [jvm.dll+0x342893]
V  [jvm.dll+0x34483f]
V  [jvm.dll+0x34509e]
V  [jvm.dll+0x34253c]
V  [jvm.dll+0x3417e2]
V  [jvm.dll+0x624a05]
V  [jvm.dll+0x6252f0]
V  [jvm.dll+0x5ea489]
V  [jvm.dll+0x2e2a95]
V  [jvm.dll+0x2e2519]
V  [jvm.dll+0x7367c7]
V  [jvm.dll+0x736c30]
V  [jvm.dll+0x329d95]
V  [jvm.dll+0x329898]
V  [jvm.dll+0x2f5a40]
V  [jvm.dll+0x7a52f0]
V  [jvm.dll+0x6347f2]
C  [ucrtbase.dll+0x21ffa]
C  [KERNEL32.DLL+0x181f4]
C  [ntdll.dll+0x6a251]

JavaThread 0x0000020a71dcb000 (nid = 11300) was being processed
Java frames: (J=compiled Java code, j=interpreted, Vv=VM code)
j  com.example.demo.service.testJunitAndMockitor.BookThrowExeptionTest.findByIdThrowException()V+24
v  ~StubRoutines::call_stub
j  jdk.internal.reflect.NativeMethodAccessorImpl.invoke0(Ljava/lang/reflect/Method;Ljava/lang/Object;[Ljava/lang/Object;)Ljava/lang/Object;+0 java.base@11.0.2
j  jdk.internal.reflect.NativeMethodAccessorImpl.invoke(Ljava/lang/Object;[Ljava/lang/Object;)Ljava/lang/Object;+100 java.base@11.0.2
J 1583 c1 jdk.internal.reflect.DelegatingMethodAccessorImpl.invoke(Ljava/lang/Object;[Ljava/lang/Object;)Ljava/lang/Object; java.base@11.0.2 (10 bytes) @ 0x0000020a008ddefc [0x0000020a008ddde0+0x000000000000011c]
J 1657 c1 java.lang.reflect.Method.invoke(Ljava/lang/Object;[Ljava/lang/Object;)Ljava/lang/Object; java.base@11.0.2 (65 bytes) @ 0x0000020a0094216c [0x0000020a00941e20+0x000000000000034c]
j  org.junit.runners.model.FrameworkMethod$1.runReflectiveCall()Ljava/lang/Object;+15
j  org.junit.internal.runners.model.ReflectiveCallable.run()Ljava/lang/Object;+1
j  org.junit.runners.model.FrameworkMethod.invokeExplosively(Ljava/lang/Object;[Ljava/lang/Object;)Ljava/lang/Object;+10
j  org.junit.internal.runners.statements.InvokeMethod.evaluate()V+12
j  org.junit.internal.runners.statements.ExpectException.evaluate()V+6
j  org.junit.runners.ParentRunner.runLeaf(Lorg/junit/runners/model/Statement;Lorg/junit/runner/Description;Lorg/junit/runner/notification/RunNotifier;)V+17
j  org.junit.runners.BlockJUnit4ClassRunner.runChild(Lorg/junit/runners/model/FrameworkMethod;Lorg/junit/runner/notification/RunNotifier;)V+30
j  org.junit.runners.BlockJUnit4ClassRunner.runChild(Ljava/lang/Object;Lorg/junit/runner/notification/RunNotifier;)V+6
j  org.junit.runners.ParentRunner$3.run()V+12
j  org.junit.runners.ParentRunner$1.schedule(Ljava/lang/Runnable;)V+1
j  org.junit.runners.ParentRunner.runChildren(Lorg/junit/runner/notification/RunNotifier;)V+44
j  org.junit.runners.ParentRunner.access$000(Lorg/junit/runners/ParentRunner;Lorg/junit/runner/notification/RunNotifier;)V+2
j  org.junit.runners.ParentRunner$2.evaluate()V+8
j  org.junit.runners.ParentRunner.run(Lorg/junit/runner/notification/RunNotifier;)V+20
j  org.mockito.internal.runners.DefaultInternalRunner$1.run(Lorg/junit/runner/notification/RunNotifier;)V+17
j  org.mockito.internal.runners.DefaultInternalRunner.run(Lorg/junit/runner/notification/RunNotifier;)V+5
j  org.mockito.internal.runners.StrictRunner.run(Lorg/junit/runner/notification/RunNotifier;)V+36
j  org.mockito.junit.MockitoJUnitRunner.run(Lorg/junit/runner/notification/RunNotifier;)V+5
j  org.eclipse.jdt.internal.junit4.runner.JUnit4TestReference.run(Lorg/eclipse/jdt/internal/junit/runner/TestExecution;)V+72
j  org.eclipse.jdt.internal.junit.runner.TestExecution.run([Lorg/eclipse/jdt/internal/junit/runner/ITestReference;)V+17
j  org.eclipse.jdt.internal.junit.runner.RemoteTestRunner.runTests([Ljava/lang/String;Ljava/lang/String;Lorg/eclipse/jdt/internal/junit/runner/TestExecution;)V+62
j  org.eclipse.jdt.internal.junit.runner.RemoteTestRunner.runTests(Lorg/eclipse/jdt/internal/junit/runner/TestExecution;)V+10
j  org.eclipse.jdt.internal.junit.runner.RemoteTestRunner.run()V+70
j  org.eclipse.jdt.internal.junit.runner.RemoteTestRunner.main([Ljava/lang/String;)V+14
v  ~StubRoutines::call_stub

siginfo: EXCEPTION_ACCESS_VIOLATION (0xc0000005), reading address 0x0000000000000006


Register to memory mapping:

RIP=0x00007ffe4d1994db jvm.dll
RAX=0x00000029dadfd350 points into unknown readable memory: 1e 00 00 46 00 00 00 00
RBX=0x00000029dadfd320 points into unknown readable memory: c8 3f 36 4d fe 7f 00 00
RCX=0x0 is NULL
RDX=0x0 is NULL
RSP=0x00000029dadfd2c0 points into unknown readable memory: 20 d3 df da 29 00 00 00
RBP=0x00000029dadfd830 points into unknown readable memory: a8 8f c9 7f 0a 02 00 00
RSI=0x0 is NULL
RDI=0x0 is NULL
R8 =0x0 is NULL
R9 =0x0000020a11bb3480 is pointing into metadata
R10=0x00007ffe4cae0000 jvm.dll
R11={method} {0x0000020a11bb3ab8} 'findByIdThrowException' '()V' in 'com/example/demo/service/testJunitAndMockitor/BookThrowExeptionTest'
R12=0x0000020a7fc98c80 points into unknown readable memory: 00 ff 39 4d 00 00 00 00
R13=0x0 is NULL
R14=0x0000020a11bb3a74 is pointing into metadata
R15=0x0000000000000031 is an unknown value


Registers:
RAX=0x00000029dadfd350, RBX=0x00000029dadfd320, RCX=0x0000000000000000, RDX=0x0000000000000000
RSP=0x00000029dadfd2c0, RBP=0x00000029dadfd830, RSI=0x0000000000000000, RDI=0x0000000000000000
R8 =0x0000000000000000, R9 =0x0000020a11bb3480, R10=0x00007ffe4cae0000, R11=0x0000020a11bb3ab0
R12=0x0000020a7fc98c80, R13=0x0000000000000000, R14=0x0000020a11bb3a74, R15=0x0000000000000031
RIP=0x00007ffe4d1994db, EFLAGS=0x0000000000010246

Top of Stack: (sp=0x00000029dadfd2c0)
0x00000029dadfd2c0:   00000029dadfd320 0000000000000000
0x00000029dadfd2d0:   0000000000000000 0000000000000000
0x00000029dadfd2e0:   0000000000000001 00007ffe4ce22893
0x00000029dadfd2f0:   0000000000000000 00000029dadfd9a0
0x00000029dadfd300:   0000000000000000 0000000000000000
0x00000029dadfd310:   0000000000000000 0000000000000000
0x00000029dadfd320:   00007ffe4d363fc8 0000000000000000
0x00000029dadfd330:   0000000000000000 000000000000000c
0x00000029dadfd340:   00000029dadfd350 0000000000000000
0x00000029dadfd350:   000000004600001e 0000000000000000
0x00000029dadfd360:   2fffffff4fffffff 0000000000000000
0x00000029dadfd370:   0000000000000000 0000000000000000
0x00000029dadfd380:   0000000000000000 0000000000000000
0x00000029dadfd390:   0000000000000000 0000000000000000
0x00000029dadfd3a0:   0000000000000000 0000000000000000
0x00000029dadfd3b0:   0000000000000000 0000000000000000 

Instructions: (pc=0x00007ffe4d1994db)
0x00007ffe4d1994bb:   cc cc cc cc cc 40 53 48 83 ec 20 c7 41 10 00 00
0x00007ffe4d1994cb:   00 00 48 8b d9 48 89 7c 24 38 48 8b 79 08 33 c9
0x00007ffe4d1994db:   80 7f 06 28 74 26 44 8d 49 28 8d 51 35 48 8d 0d
0x00007ffe4d1994eb:   f1 8f 21 00 4c 8d 05 da 8f 21 00 e8 35 4c ba ff 


Stack slot to memory mapping:
stack at sp + 0 slots: 0x00000029dadfd320 points into unknown readable memory: c8 3f 36 4d fe 7f 00 00
stack at sp + 1 slots: 0x0 is NULL
stack at sp + 2 slots: 0x0 is NULL
stack at sp + 3 slots: 0x0 is NULL
stack at sp + 4 slots: 0x0000000000000001 is an unknown value
stack at sp + 5 slots: 0x00007ffe4ce22893 jvm.dll
stack at sp + 6 slots: 0x0 is NULL
stack at sp + 7 slots: 0x00000029dadfd9a0 points into unknown readable memory: 48 1b 3a 4d fe 7f 00 00


---------------  P R O C E S S  ---------------

Threads class SMR info:
_java_thread_list=0x0000020a151d3a20, length=20, elements={
0x0000020a71dcb000, 0x0000020a7f950800, 0x0000020a7f959000, 0x0000020a7f12d800,
0x0000020a7f962000, 0x0000020a7f966000, 0x0000020a7f9b1800, 0x0000020a7f9e3000,
0x0000020a7f0d8800, 0x0000020a113b8000, 0x0000020a7fbd8000, 0x0000020a7fc91000,
0x0000020a117ba000, 0x0000020a11a6c000, 0x0000020a11b0b000, 0x0000020a1608a000,
0x0000020a15ff2000, 0x0000020a13a83800, 0x0000020a161ae800, 0x0000020a1347c000
}

Java Threads: ( => current thread )
  0x0000020a71dcb000 JavaThread "main" [_thread_blocked, id=11300, stack(0x00000029d9500000,0x00000029d9600000)]
  0x0000020a7f950800 JavaThread "Reference Handler" daemon [_thread_blocked, id=26368, stack(0x00000029d9c00000,0x00000029d9d00000)]
  0x0000020a7f959000 JavaThread "Finalizer" daemon [_thread_blocked, id=13912, stack(0x00000029d9d00000,0x00000029d9e00000)]
  0x0000020a7f12d800 JavaThread "Signal Dispatcher" daemon [_thread_blocked, id=29276, stack(0x00000029d9e00000,0x00000029d9f00000)]
  0x0000020a7f962000 JavaThread "Attach Listener" daemon [_thread_blocked, id=12972, stack(0x00000029d9f00000,0x00000029da000000)]
  0x0000020a7f966000 JavaThread "C2 CompilerThread0" daemon [_thread_blocked, id=17904, stack(0x00000029da000000,0x00000029da100000)]
  0x0000020a7f9b1800 JavaThread "C1 CompilerThread0" daemon [_thread_blocked, id=28392, stack(0x00000029da100000,0x00000029da200000)]
  0x0000020a7f9e3000 JavaThread "Sweeper thread" daemon [_thread_blocked, id=30436, stack(0x00000029da200000,0x00000029da300000)]
  0x0000020a7f0d8800 JavaThread "Common-Cleaner" daemon [_thread_blocked, id=28256, stack(0x00000029da300000,0x00000029da400000)]
  0x0000020a113b8000 JavaThread "JDWP Transport Listener: dt_socket" daemon [_thread_blocked, id=13692, stack(0x00000029da400000,0x00000029da500000)]
  0x0000020a7fbd8000 JavaThread "JDWP Event Helper Thread" daemon [_thread_blocked, id=26064, stack(0x00000029da500000,0x00000029da600000)]
  0x0000020a7fc91000 JavaThread "JDWP Command Reader" daemon [_thread_in_native, id=21292, stack(0x00000029da600000,0x00000029da700000)]
  0x0000020a117ba000 JavaThread "Service Thread" daemon [_thread_blocked, id=17328, stack(0x00000029da700000,0x00000029da800000)]
  0x0000020a11a6c000 JavaThread "ReaderThread" [_thread_in_native, id=22176, stack(0x00000029daa00000,0x00000029dab00000)]
  0x0000020a11b0b000 JavaThread "RMI TCP Accept-0" daemon [_thread_in_native, id=28180, stack(0x00000029dae00000,0x00000029daf00000)]
  0x0000020a1608a000 JavaThread "RMI TCP Connection(1253)-192.168.36.11" daemon [_thread_blocked, id=25284, stack(0x00000029daf00000,0x00000029db000000)]
  0x0000020a15ff2000 JavaThread "RMI Scheduler(0)" daemon [_thread_blocked, id=26552, stack(0x00000029db000000,0x00000029db100000)]
  0x0000020a13a83800 JavaThread "JMX server connection timeout 20" daemon [_thread_blocked, id=29888, stack(0x00000029db100000,0x00000029db200000)]
  0x0000020a161ae800 JavaThread "RMI TCP Connection(idle)" daemon [_thread_blocked, id=30048, stack(0x00000029db200000,0x00000029db300000)]
  0x0000020a1347c000 JavaThread "JMX server connection timeout 22" daemon [_thread_blocked, id=13180, stack(0x00000029db300000,0x00000029db400000)]

Other Threads:
  0x0000020a7f11e800 VMThread "VM Thread" [stack: 0x00000029d9b00000,0x00000029d9c00000] [id=26504]
  0x0000020a1137d800 WatcherThread [stack: 0x00000029da800000,0x00000029da900000] [id=28500]
  0x0000020a71de2800 GCTaskThread "GC Thread#0" [stack: 0x00000029d9600000,0x00000029d9700000] [id=16656]
  0x0000020a11de0000 GCTaskThread "GC Thread#1" [stack: 0x00000029dab00000,0x00000029dac00000] [id=29272]
  0x0000020a11a47800 GCTaskThread "GC Thread#2" [stack: 0x00000029dac00000,0x00000029dad00000] [id=2736]
=>0x0000020a1243f000 GCTaskThread "GC Thread#3" [stack: 0x00000029dad00000,0x00000029dae00000] [id=21224]
  0x0000020a71e13800 ConcurrentGCThread "G1 Main Marker" [stack: 0x00000029d9700000,0x00000029d9800000] [id=27132]
  0x0000020a71e17000 ConcurrentGCThread "G1 Conc#0" [stack: 0x00000029d9800000,0x00000029d9900000] [id=28024]
  0x0000020a7ef84800 ConcurrentGCThread "G1 Refine#0" [stack: 0x00000029d9900000,0x00000029d9a00000] [id=27116]
  0x0000020a7ef85000 ConcurrentGCThread "G1 Young RemSet Sampling" [stack: 0x00000029d9a00000,0x00000029d9b00000] [id=29324]

Threads with active compile tasks:

VM state:at safepoint (normal execution)

VM Mutex/Monitor currently owned by a thread:  ([mutex/lock_event])
[0x0000020a71dc9920] Threads_lock - owner thread: 0x0000020a7f11e800
[0x0000020a71dc8a80] Heap_lock - owner thread: 0x0000020a1608a000

Heap address: 0x0000000081c00000, size: 2020 MB, Compressed Oops mode: 32-bit
Narrow klass base: 0x0000000000000000, Narrow klass shift: 3
Compressed class space size: 1073741824 Address: 0x0000000100000000

Heap:
 garbage-first heap   total 131072K, used 68682K [0x0000000081c00000, 0x0000000100000000)
  region size 1024K, 61 young (62464K), 3 survivors (3072K)
 Metaspace       used 22212K, capacity 22684K, committed 23088K, reserved 1069056K
  class space    used 2636K, capacity 2821K, committed 2944K, reserved 1048576K
Heap Regions: E=young(eden), S=young(survivor), O=old, HS=humongous(starts), HC=humongous(continues), CS=collection set, F=free, A=archive, TAMS=top-at-mark-start (previous, next)
|   0|0x0000000081c00000, 0x0000000081d00000, 0x0000000081d00000|100%|HS|  |TAMS 0x0000000081d00000, 0x0000000081c00000| Complete 
|   1|0x0000000081d00000, 0x0000000081e00000, 0x0000000081e00000|100%| O|  |TAMS 0x0000000081e00000, 0x0000000081d00000| Untracked 
|   2|0x0000000081e00000, 0x0000000081f00000, 0x0000000081f00000|100%| O|  |TAMS 0x0000000081f00000, 0x0000000081e00000| Untracked 
|   3|0x0000000081f00000, 0x0000000082000000, 0x0000000082000000|100%| O|  |TAMS 0x0000000082000000, 0x0000000081f00000| Untracked 
|   4|0x0000000082000000, 0x0000000082100000, 0x0000000082100000|100%| O|  |TAMS 0x0000000082100000, 0x0000000082000000| Untracked 
|   5|0x0000000082100000, 0x0000000082200000, 0x0000000082200000|100%| O|  |TAMS 0x0000000082200000, 0x0000000082100000| Untracked 
|   6|0x0000000082200000, 0x000000008228be00, 0x0000000082300000| 54%| O|  |TAMS 0x000000008228be00, 0x0000000082200000| Untracked 
|   7|0x0000000082300000, 0x0000000082300000, 0x0000000082400000|  0%| F|  |TAMS 0x0000000082300000, 0x0000000082300000| Untracked 
|   8|0x0000000082400000, 0x0000000082400000, 0x0000000082500000|  0%| F|  |TAMS 0x0000000082400000, 0x0000000082400000| Untracked 
|   9|0x0000000082500000, 0x0000000082500000, 0x0000000082600000|  0%| F|  |TAMS 0x0000000082500000, 0x0000000082500000| Untracked 
|  10|0x0000000082600000, 0x0000000082600000, 0x0000000082700000|  0%| F|  |TAMS 0x0000000082600000, 0x0000000082600000| Untracked 
|  11|0x0000000082700000, 0x0000000082700000, 0x0000000082800000|  0%| F|  |TAMS 0x0000000082700000, 0x0000000082700000| Untracked 
|  12|0x0000000082800000, 0x0000000082800000, 0x0000000082900000|  0%| F|  |TAMS 0x0000000082800000, 0x0000000082800000| Untracked 
|  13|0x0000000082900000, 0x0000000082900000, 0x0000000082a00000|  0%| F|  |TAMS 0x0000000082900000, 0x0000000082900000| Untracked 
|  14|0x0000000082a00000, 0x0000000082a00000, 0x0000000082b00000|  0%| F|  |TAMS 0x0000000082a00000, 0x0000000082a00000| Untracked 
|  15|0x0000000082b00000, 0x0000000082b00000, 0x0000000082c00000|  0%| F|  |TAMS 0x0000000082b00000, 0x0000000082b00000| Untracked 
|  16|0x0000000082c00000, 0x0000000082c00000, 0x0000000082d00000|  0%| F|  |TAMS 0x0000000082c00000, 0x0000000082c00000| Untracked 
|  17|0x0000000082d00000, 0x0000000082d00000, 0x0000000082e00000|  0%| F|  |TAMS 0x0000000082d00000, 0x0000000082d00000| Untracked 
|  18|0x0000000082e00000, 0x0000000082e00000, 0x0000000082f00000|  0%| F|  |TAMS 0x0000000082e00000, 0x0000000082e00000| Untracked 
|  19|0x0000000082f00000, 0x0000000082f00000, 0x0000000083000000|  0%| F|  |TAMS 0x0000000082f00000, 0x0000000082f00000| Untracked 
|  20|0x0000000083000000, 0x0000000083000000, 0x0000000083100000|  0%| F|  |TAMS 0x0000000083000000, 0x0000000083000000| Untracked 
|  21|0x0000000083100000, 0x0000000083100000, 0x0000000083200000|  0%| F|  |TAMS 0x0000000083100000, 0x0000000083100000| Untracked 
|  22|0x0000000083200000, 0x0000000083200000, 0x0000000083300000|  0%| F|  |TAMS 0x0000000083200000, 0x0000000083200000| Untracked 
|  23|0x0000000083300000, 0x0000000083300000, 0x0000000083400000|  0%| F|  |TAMS 0x0000000083300000, 0x0000000083300000| Untracked 
|  24|0x0000000083400000, 0x0000000083400000, 0x0000000083500000|  0%| F|  |TAMS 0x0000000083400000, 0x0000000083400000| Untracked 
|  25|0x0000000083500000, 0x0000000083500000, 0x0000000083600000|  0%| F|  |TAMS 0x0000000083500000, 0x0000000083500000| Untracked 
|  26|0x0000000083600000, 0x0000000083600000, 0x0000000083700000|  0%| F|  |TAMS 0x0000000083600000, 0x0000000083600000| Untracked 
|  27|0x0000000083700000, 0x0000000083700000, 0x0000000083800000|  0%| F|  |TAMS 0x0000000083700000, 0x0000000083700000| Untracked 
|  28|0x0000000083800000, 0x0000000083800000, 0x0000000083900000|  0%| F|  |TAMS 0x0000000083800000, 0x0000000083800000| Untracked 
|  29|0x0000000083900000, 0x0000000083900000, 0x0000000083a00000|  0%| F|  |TAMS 0x0000000083900000, 0x0000000083900000| Untracked 
|  30|0x0000000083a00000, 0x0000000083a00000, 0x0000000083b00000|  0%| F|  |TAMS 0x0000000083a00000, 0x0000000083a00000| Untracked 
|  31|0x0000000083b00000, 0x0000000083b00000, 0x0000000083c00000|  0%| F|  |TAMS 0x0000000083b00000, 0x0000000083b00000| Untracked 
|  32|0x0000000083c00000, 0x0000000083c00000, 0x0000000083d00000|  0%| F|  |TAMS 0x0000000083c00000, 0x0000000083c00000| Untracked 
|  33|0x0000000083d00000, 0x0000000083d00000, 0x0000000083e00000|  0%| F|  |TAMS 0x0000000083d00000, 0x0000000083d00000| Untracked 
|  34|0x0000000083e00000, 0x0000000083e00000, 0x0000000083f00000|  0%| F|  |TAMS 0x0000000083e00000, 0x0000000083e00000| Untracked 
|  35|0x0000000083f00000, 0x0000000083f00000, 0x0000000084000000|  0%| F|  |TAMS 0x0000000083f00000, 0x0000000083f00000| Untracked 
|  36|0x0000000084000000, 0x0000000084000000, 0x0000000084100000|  0%| F|  |TAMS 0x0000000084000000, 0x0000000084000000| Untracked 
|  37|0x0000000084100000, 0x0000000084100000, 0x0000000084200000|  0%| F|  |TAMS 0x0000000084100000, 0x0000000084100000| Untracked 
|  38|0x0000000084200000, 0x0000000084200000, 0x0000000084300000|  0%| F|  |TAMS 0x0000000084200000, 0x0000000084200000| Untracked 
|  39|0x0000000084300000, 0x0000000084300000, 0x0000000084400000|  0%| F|  |TAMS 0x0000000084300000, 0x0000000084300000| Untracked 
|  40|0x0000000084400000, 0x0000000084400000, 0x0000000084500000|  0%| F|  |TAMS 0x0000000084400000, 0x0000000084400000| Untracked 
|  41|0x0000000084500000, 0x0000000084500000, 0x0000000084600000|  0%| F|  |TAMS 0x0000000084500000, 0x0000000084500000| Untracked 
|  42|0x0000000084600000, 0x0000000084600000, 0x0000000084700000|  0%| F|  |TAMS 0x0000000084600000, 0x0000000084600000| Untracked 
|  43|0x0000000084700000, 0x0000000084700000, 0x0000000084800000|  0%| F|  |TAMS 0x0000000084700000, 0x0000000084700000| Untracked 
|  44|0x0000000084800000, 0x0000000084800000, 0x0000000084900000|  0%| F|  |TAMS 0x0000000084800000, 0x0000000084800000| Untracked 
|  45|0x0000000084900000, 0x0000000084900000, 0x0000000084a00000|  0%| F|  |TAMS 0x0000000084900000, 0x0000000084900000| Untracked 
|  46|0x0000000084a00000, 0x0000000084a00000, 0x0000000084b00000|  0%| F|  |TAMS 0x0000000084a00000, 0x0000000084a00000| Untracked 
|  47|0x0000000084b00000, 0x0000000084b00000, 0x0000000084c00000|  0%| F|  |TAMS 0x0000000084b00000, 0x0000000084b00000| Untracked 
|  48|0x0000000084c00000, 0x0000000084c00000, 0x0000000084d00000|  0%| F|  |TAMS 0x0000000084c00000, 0x0000000084c00000| Untracked 
|  49|0x0000000084d00000, 0x0000000084d00000, 0x0000000084e00000|  0%| F|  |TAMS 0x0000000084d00000, 0x0000000084d00000| Untracked 
|  50|0x0000000084e00000, 0x0000000084e00000, 0x0000000084f00000|  0%| F|  |TAMS 0x0000000084e00000, 0x0000000084e00000| Untracked 
|  51|0x0000000084f00000, 0x0000000084f00000, 0x0000000085000000|  0%| F|  |TAMS 0x0000000084f00000, 0x0000000084f00000| Untracked 
|  52|0x0000000085000000, 0x0000000085000000, 0x0000000085100000|  0%| F|  |TAMS 0x0000000085000000, 0x0000000085000000| Untracked 
|  53|0x0000000085100000, 0x0000000085100000, 0x0000000085200000|  0%| F|  |TAMS 0x0000000085100000, 0x0000000085100000| Untracked 
|  54|0x0000000085200000, 0x0000000085200000, 0x0000000085300000|  0%| F|  |TAMS 0x0000000085200000, 0x0000000085200000| Untracked 
|  55|0x0000000085300000, 0x0000000085300000, 0x0000000085400000|  0%| F|  |TAMS 0x0000000085300000, 0x0000000085300000| Untracked 
|  56|0x0000000085400000, 0x0000000085400000, 0x0000000085500000|  0%| F|  |TAMS 0x0000000085400000, 0x0000000085400000| Untracked 
|  57|0x0000000085500000, 0x0000000085500000, 0x0000000085600000|  0%| F|  |TAMS 0x0000000085500000, 0x0000000085500000| Untracked 
|  58|0x0000000085600000, 0x0000000085600000, 0x0000000085700000|  0%| F|  |TAMS 0x0000000085600000, 0x0000000085600000| Untracked 
|  59|0x0000000085700000, 0x0000000085700000, 0x0000000085800000|  0%| F|  |TAMS 0x0000000085700000, 0x0000000085700000| Untracked 
|  60|0x0000000085800000, 0x0000000085800000, 0x0000000085900000|  0%| F|  |TAMS 0x0000000085800000, 0x0000000085800000| Untracked 
|  61|0x0000000085900000, 0x0000000085900000, 0x0000000085a00000|  0%| F|  |TAMS 0x0000000085900000, 0x0000000085900000| Untracked 
|  62|0x0000000085a00000, 0x0000000085a00000, 0x0000000085b00000|  0%| F|  |TAMS 0x0000000085a00000, 0x0000000085a00000| Untracked 
|  63|0x0000000085b00000, 0x0000000085b00000, 0x0000000085c00000|  0%| F|  |TAMS 0x0000000085b00000, 0x0000000085b00000| Untracked 
|  64|0x0000000085c00000, 0x0000000085ce1b88, 0x0000000085d00000| 88%| S|  |TAMS 0x0000000085c00000, 0x0000000085c00000| Complete 
|  65|0x0000000085d00000, 0x0000000085e00000, 0x0000000085e00000|100%| S|  |TAMS 0x0000000085d00000, 0x0000000085d00000| Complete 
|  66|0x0000000085e00000, 0x0000000085f00000, 0x0000000085f00000|100%| S|  |TAMS 0x0000000085e00000, 0x0000000085e00000| Complete 
|  67|0x0000000085f00000, 0x0000000086000000, 0x0000000086000000|100%| E|CS|TAMS 0x0000000085f00000, 0x0000000085f00000| Complete 
|  68|0x0000000086000000, 0x0000000086100000, 0x0000000086100000|100%| E|CS|TAMS 0x0000000086000000, 0x0000000086000000| Complete 
|  69|0x0000000086100000, 0x0000000086200000, 0x0000000086200000|100%| E|CS|TAMS 0x0000000086100000, 0x0000000086100000| Complete 
|  70|0x0000000086200000, 0x0000000086300000, 0x0000000086300000|100%| E|CS|TAMS 0x0000000086200000, 0x0000000086200000| Complete 
|  71|0x0000000086300000, 0x0000000086400000, 0x0000000086400000|100%| E|CS|TAMS 0x0000000086300000, 0x0000000086300000| Complete 
|  72|0x0000000086400000, 0x0000000086500000, 0x0000000086500000|100%| E|CS|TAMS 0x0000000086400000, 0x0000000086400000| Complete 
|  73|0x0000000086500000, 0x0000000086600000, 0x0000000086600000|100%| E|CS|TAMS 0x0000000086500000, 0x0000000086500000| Complete 
|  74|0x0000000086600000, 0x0000000086700000, 0x0000000086700000|100%| E|CS|TAMS 0x0000000086600000, 0x0000000086600000| Complete 
|  75|0x0000000086700000, 0x0000000086800000, 0x0000000086800000|100%| E|CS|TAMS 0x0000000086700000, 0x0000000086700000| Complete 
|  76|0x0000000086800000, 0x0000000086900000, 0x0000000086900000|100%| E|CS|TAMS 0x0000000086800000, 0x0000000086800000| Complete 
|  77|0x0000000086900000, 0x0000000086a00000, 0x0000000086a00000|100%| E|CS|TAMS 0x0000000086900000, 0x0000000086900000| Complete 
|  78|0x0000000086a00000, 0x0000000086a86c10, 0x0000000086b00000| 52%| E|CS|TAMS 0x0000000086a00000, 0x0000000086a00000| Complete 
|  79|0x0000000086b00000, 0x0000000086c00000, 0x0000000086c00000|100%| E|CS|TAMS 0x0000000086b00000, 0x0000000086b00000| Complete 
|  80|0x0000000086c00000, 0x0000000086d00000, 0x0000000086d00000|100%| E|CS|TAMS 0x0000000086c00000, 0x0000000086c00000| Complete 
|  81|0x0000000086d00000, 0x0000000086e00000, 0x0000000086e00000|100%| E|CS|TAMS 0x0000000086d00000, 0x0000000086d00000| Complete 
|  82|0x0000000086e00000, 0x0000000086f00000, 0x0000000086f00000|100%| E|CS|TAMS 0x0000000086e00000, 0x0000000086e00000| Complete 
|  83|0x0000000086f00000, 0x0000000087000000, 0x0000000087000000|100%| E|CS|TAMS 0x0000000086f00000, 0x0000000086f00000| Complete 
|  84|0x0000000087000000, 0x0000000087100000, 0x0000000087100000|100%| E|CS|TAMS 0x0000000087000000, 0x0000000087000000| Complete 
|  85|0x0000000087100000, 0x0000000087200000, 0x0000000087200000|100%| E|CS|TAMS 0x0000000087100000, 0x0000000087100000| Complete 
|  86|0x0000000087200000, 0x0000000087300000, 0x0000000087300000|100%| E|CS|TAMS 0x0000000087200000, 0x0000000087200000| Complete 
|  87|0x0000000087300000, 0x0000000087400000, 0x0000000087400000|100%| E|CS|TAMS 0x0000000087300000, 0x0000000087300000| Complete 
|  88|0x0000000087400000, 0x0000000087500000, 0x0000000087500000|100%| E|CS|TAMS 0x0000000087400000, 0x0000000087400000| Complete 
|  89|0x0000000087500000, 0x0000000087600000, 0x0000000087600000|100%| E|CS|TAMS 0x0000000087500000, 0x0000000087500000| Complete 
|  90|0x0000000087600000, 0x0000000087700000, 0x0000000087700000|100%| E|CS|TAMS 0x0000000087600000, 0x0000000087600000| Complete 
|  91|0x0000000087700000, 0x0000000087800000, 0x0000000087800000|100%| E|CS|TAMS 0x0000000087700000, 0x0000000087700000| Complete 
|  92|0x0000000087800000, 0x0000000087900000, 0x0000000087900000|100%| E|CS|TAMS 0x0000000087800000, 0x0000000087800000| Complete 
|  93|0x0000000087900000, 0x0000000087a00000, 0x0000000087a00000|100%| E|CS|TAMS 0x0000000087900000, 0x0000000087900000| Complete 
|  94|0x0000000087a00000, 0x0000000087b00000, 0x0000000087b00000|100%| E|CS|TAMS 0x0000000087a00000, 0x0000000087a00000| Complete 
|  95|0x0000000087b00000, 0x0000000087c00000, 0x0000000087c00000|100%| E|CS|TAMS 0x0000000087b00000, 0x0000000087b00000| Complete 
|  96|0x0000000087c00000, 0x0000000087d00000, 0x0000000087d00000|100%| E|CS|TAMS 0x0000000087c00000, 0x0000000087c00000| Complete 
|  97|0x0000000087d00000, 0x0000000087e00000, 0x0000000087e00000|100%| E|CS|TAMS 0x0000000087d00000, 0x0000000087d00000| Complete 
|  98|0x0000000087e00000, 0x0000000087f00000, 0x0000000087f00000|100%| E|CS|TAMS 0x0000000087e00000, 0x0000000087e00000| Complete 
|  99|0x0000000087f00000, 0x0000000088000000, 0x0000000088000000|100%| E|CS|TAMS 0x0000000087f00000, 0x0000000087f00000| Complete 
| 100|0x0000000088000000, 0x0000000088100000, 0x0000000088100000|100%| E|CS|TAMS 0x0000000088000000, 0x0000000088000000| Complete 
| 101|0x0000000088100000, 0x0000000088200000, 0x0000000088200000|100%| E|CS|TAMS 0x0000000088100000, 0x0000000088100000| Complete 
| 102|0x0000000088200000, 0x0000000088300000, 0x0000000088300000|100%| E|CS|TAMS 0x0000000088200000, 0x0000000088200000| Complete 
| 103|0x0000000088300000, 0x0000000088400000, 0x0000000088400000|100%| E|CS|TAMS 0x0000000088300000, 0x0000000088300000| Complete 
| 104|0x0000000088400000, 0x0000000088500000, 0x0000000088500000|100%| E|CS|TAMS 0x0000000088400000, 0x0000000088400000| Complete 
| 105|0x0000000088500000, 0x0000000088600000, 0x0000000088600000|100%| E|CS|TAMS 0x0000000088500000, 0x0000000088500000| Complete 
| 106|0x0000000088600000, 0x0000000088700000, 0x0000000088700000|100%| E|CS|TAMS 0x0000000088600000, 0x0000000088600000| Complete 
| 107|0x0000000088700000, 0x0000000088800000, 0x0000000088800000|100%| E|CS|TAMS 0x0000000088700000, 0x0000000088700000| Complete 
| 108|0x0000000088800000, 0x0000000088900000, 0x0000000088900000|100%| E|CS|TAMS 0x0000000088800000, 0x0000000088800000| Complete 
| 109|0x0000000088900000, 0x0000000088a00000, 0x0000000088a00000|100%| E|CS|TAMS 0x0000000088900000, 0x0000000088900000| Complete 
| 110|0x0000000088a00000, 0x0000000088b00000, 0x0000000088b00000|100%| E|CS|TAMS 0x0000000088a00000, 0x0000000088a00000| Complete 
| 111|0x0000000088b00000, 0x0000000088c00000, 0x0000000088c00000|100%| E|CS|TAMS 0x0000000088b00000, 0x0000000088b00000| Complete 
| 112|0x0000000088c00000, 0x0000000088d00000, 0x0000000088d00000|100%| E|CS|TAMS 0x0000000088c00000, 0x0000000088c00000| Complete 
| 113|0x0000000088d00000, 0x0000000088e00000, 0x0000000088e00000|100%| E|CS|TAMS 0x0000000088d00000, 0x0000000088d00000| Complete 
| 114|0x0000000088e00000, 0x0000000088f00000, 0x0000000088f00000|100%| E|CS|TAMS 0x0000000088e00000, 0x0000000088e00000| Complete 
| 115|0x0000000088f00000, 0x0000000089000000, 0x0000000089000000|100%| E|CS|TAMS 0x0000000088f00000, 0x0000000088f00000| Complete 
| 116|0x0000000089000000, 0x0000000089100000, 0x0000000089100000|100%| E|CS|TAMS 0x0000000089000000, 0x0000000089000000| Complete 
| 117|0x0000000089100000, 0x0000000089200000, 0x0000000089200000|100%| E|CS|TAMS 0x0000000089100000, 0x0000000089100000| Complete 
| 118|0x0000000089200000, 0x0000000089300000, 0x0000000089300000|100%| E|CS|TAMS 0x0000000089200000, 0x0000000089200000| Complete 
| 119|0x0000000089300000, 0x0000000089400000, 0x0000000089400000|100%| E|CS|TAMS 0x0000000089300000, 0x0000000089300000| Complete 
| 120|0x0000000089400000, 0x0000000089500000, 0x0000000089500000|100%| E|CS|TAMS 0x0000000089400000, 0x0000000089400000| Complete 
| 121|0x0000000089500000, 0x0000000089600000, 0x0000000089600000|100%| E|CS|TAMS 0x0000000089500000, 0x0000000089500000| Complete 
| 122|0x0000000089600000, 0x0000000089700000, 0x0000000089700000|100%| E|CS|TAMS 0x0000000089600000, 0x0000000089600000| Complete 
| 123|0x0000000089700000, 0x0000000089800000, 0x0000000089800000|100%| E|CS|TAMS 0x0000000089700000, 0x0000000089700000| Complete 
| 124|0x0000000089800000, 0x0000000089900000, 0x0000000089900000|100%| E|CS|TAMS 0x0000000089800000, 0x0000000089800000| Complete 
| 125|0x0000000089900000, 0x0000000089a00000, 0x0000000089a00000|100%| E|CS|TAMS 0x0000000089900000, 0x0000000089900000| Complete 
| 126|0x0000000089a00000, 0x0000000089b00000, 0x0000000089b00000|100%| E|CS|TAMS 0x0000000089a00000, 0x0000000089a00000| Complete 
| 127|0x0000000089b00000, 0x0000000089c00000, 0x0000000089c00000|100%| E|CS|TAMS 0x0000000089b00000, 0x0000000089b00000| Complete 

Card table byte_map: [0x0000020a7a4e0000,0x0000020a7a8e0000] _byte_map_base: 0x0000020a7a0d2000

Marking Bits (Prev, Next): (CMBitMap*) 0x0000020a71e0b060, (CMBitMap*) 0x0000020a71e0b028
 Prev Bits: [0x0000020a7cc70000, 0x0000020a7ec00000)
 Next Bits: [0x0000020a7ace0000, 0x0000020a7cc70000)

Polling page: 0x0000020a6fc80000

Metaspace:

Usage:
  Non-class:     19.40 MB capacity,    19.12 MB ( 99%) used,   235.13 KB (  1%) free+waste,    51.94 KB ( <1%) overhead. 
      Class:      2.75 MB capacity,     2.58 MB ( 93%) used,   160.20 KB (  6%) free+waste,    23.94 KB ( <1%) overhead. 
       Both:     22.15 MB capacity,    21.69 MB ( 98%) used,   395.32 KB (  2%) free+waste,    75.88 KB ( <1%) overhead. 

Virtual space:
  Non-class space:       20.00 MB reserved,      19.67 MB ( 98%) committed 
      Class space:        1.00 GB reserved,       2.88 MB ( <1%) committed 
             Both:        1.02 GB reserved,      22.55 MB (  2%) committed 

Chunk freelists:
   Non-Class:  5.13 KB
       Class:  3.38 KB
        Both:  8.50 KB

CodeHeap 'non-profiled nmethods': size=120064Kb used=1513Kb max_used=1513Kb free=118550Kb
 bounds [0x0000020a07ac0000, 0x0000020a07d30000, 0x0000020a0f000000]
CodeHeap 'profiled nmethods': size=120000Kb used=5276Kb max_used=5330Kb free=114723Kb
 bounds [0x0000020a00590000, 0x0000020a00ae0000, 0x0000020a07ac0000]
CodeHeap 'non-nmethods': size=5696Kb used=1219Kb max_used=1305Kb free=4476Kb
 bounds [0x0000020a00000000, 0x0000020a00270000, 0x0000020a00590000]
 total_blobs=3901 nmethods=2435 adapters=375
 compilation: enabled
              stopped_count=0, restarted_count=0
 full_count=0

Compilation events (10 events):
Event: 30158.016 Thread 0x0000020a7f966000 2784       4       java.lang.Long::stringSize (55 bytes)
Event: 30158.017 Thread 0x0000020a7f966000 nmethod 2784 0x0000020a07b90990 code [0x0000020a07b90b20, 0x0000020a07b90cd8]
Event: 30758.713 Thread 0x0000020a7f966000 2785       4       sun.util.logging.internal.LoggingProviderImpl$JULWrapper::isLoggable (12 bytes)
Event: 30758.715 Thread 0x0000020a7f966000 nmethod 2785 0x0000020a07b90410 code [0x0000020a07b905c0, 0x0000020a07b90798]
Event: 31802.305 Thread 0x0000020a7f9b1800 2786       3       java.util.concurrent.locks.ReentrantLock::unlock (10 bytes)
Event: 31802.307 Thread 0x0000020a7f9b1800 nmethod 2786 0x0000020a005a8310 code [0x0000020a005a84e0, 0x0000020a005a8880]
Event: 32801.192 Thread 0x0000020a7f966000 2787       4       java.io.ObjectInputStream::readLong (8 bytes)
Event: 32801.196 Thread 0x0000020a7f966000 nmethod 2787 0x0000020a07b8f990 code [0x0000020a07b8fb60, 0x0000020a07b90048]
Event: 34062.674 Thread 0x0000020a7f966000 2788       4       sun.rmi.runtime.Log$LoggerLog::log (39 bytes)
Event: 34062.676 Thread 0x0000020a7f966000 nmethod 2788 0x0000020a07c1f090 code [0x0000020a07c1f220, 0x0000020a07c1f3d8]

GC Heap History (9 events):
Event: 0.486 GC heap before
{Heap before GC invocations=0 (full 0):
 garbage-first heap   total 131072K, used 14336K [0x0000000081c00000, 0x0000000100000000)
  region size 1024K, 14 young (14336K), 0 survivors (0K)
 Metaspace       used 9744K, capacity 9879K, committed 10240K, reserved 1058816K
  class space    used 861K, capacity 905K, committed 1024K, reserved 1048576K
}
Event: 0.492 GC heap after
{Heap after GC invocations=1 (full 0):
 garbage-first heap   total 131072K, used 6729K [0x0000000081c00000, 0x0000000100000000)
  region size 1024K, 2 young (2048K), 2 survivors (2048K)
 Metaspace       used 9744K, capacity 9879K, committed 10240K, reserved 1058816K
  class space    used 861K, capacity 905K, committed 1024K, reserved 1048576K
}
Event: 0.663 GC heap before
{Heap before GC invocations=1 (full 0):
 garbage-first heap   total 131072K, used 15945K [0x0000000081c00000, 0x0000000100000000)
  region size 1024K, 11 young (11264K), 2 survivors (2048K)
 Metaspace       used 10998K, capacity 11137K, committed 11392K, reserved 1058816K
  class space    used 1017K, capacity 1046K, committed 1152K, reserved 1048576K
}
Event: 0.665 GC heap after
{Heap after GC invocations=2 (full 0):
 garbage-first heap   total 131072K, used 6996K [0x0000000081c00000, 0x0000000100000000)
  region size 1024K, 1 young (1024K), 1 survivors (1024K)
 Metaspace       used 10998K, capacity 11137K, committed 11392K, reserved 1058816K
  class space    used 1017K, capacity 1046K, committed 1152K, reserved 1048576K
}
Event: 1.035 GC heap before
{Heap before GC invocations=2 (full 0):
 garbage-first heap   total 131072K, used 35668K [0x0000000081c00000, 0x0000000100000000)
  region size 1024K, 29 young (29696K), 1 survivors (1024K)
 Metaspace       used 13549K, capacity 13747K, committed 13824K, reserved 1060864K
  class space    used 1483K, capacity 1530K, committed 1536K, reserved 1048576K
}
Event: 1.036 GC heap after
{Heap after GC invocations=3 (full 0):
 garbage-first heap   total 131072K, used 7479K [0x0000000081c00000, 0x0000000100000000)
  region size 1024K, 1 young (1024K), 1 survivors (1024K)
 Metaspace       used 13549K, capacity 13747K, committed 13824K, reserved 1060864K
  class space    used 1483K, capacity 1530K, committed 1536K, reserved 1048576K
}
Event: 2.139 GC heap before
{Heap before GC invocations=3 (full 0):
 garbage-first heap   total 131072K, used 53559K [0x0000000081c00000, 0x0000000100000000)
  region size 1024K, 47 young (48128K), 1 survivors (1024K)
 Metaspace       used 20856K, capacity 21203K, committed 21296K, reserved 1069056K
  class space    used 2518K, capacity 2663K, committed 2688K, reserved 1048576K
}
Event: 2.145 GC heap after
{Heap after GC invocations=4 (full 0):
 garbage-first heap   total 131072K, used 9290K [0x0000000081c00000, 0x0000000100000000)
  region size 1024K, 3 young (3072K), 3 survivors (3072K)
 Metaspace       used 20856K, capacity 21203K, committed 21296K, reserved 1069056K
  class space    used 2518K, capacity 2663K, committed 2688K, reserved 1048576K
}
Event: 34204.945 GC heap before
{Heap before GC invocations=5 (full 0):
 garbage-first heap   total 131072K, used 68682K [0x0000000081c00000, 0x0000000100000000)
  region size 1024K, 61 young (62464K), 3 survivors (3072K)
 Metaspace       used 22212K, capacity 22684K, committed 23088K, reserved 1069056K
  class space    used 2636K, capacity 2821K, committed 2944K, reserved 1048576K
}

Deoptimization events (10 events):
Event: 2.135 Thread 0x0000020a1608a000 Uncommon trap: reason=bimorphic_or_optimized_type_check action=maybe_recompile pc=0x0000020a07b8371c method=java.io.DataOutputStream.write([BII)V @ 7 c2
Event: 2.182 Thread 0x0000020a1608a000 Uncommon trap: reason=bimorphic_or_optimized_type_check action=maybe_recompile pc=0x0000020a07b9050c method=java.io.DataOutputStream.writeByte(I)V @ 5 c2
Event: 2.229 Thread 0x0000020a1608a000 Uncommon trap: reason=bimorphic_or_optimized_type_check action=maybe_recompile pc=0x0000020a07b8371c method=java.io.DataOutputStream.write([BII)V @ 7 c2
Event: 2.232 Thread 0x0000020a1608a000 Uncommon trap: reason=bimorphic_or_optimized_type_check action=maybe_recompile pc=0x0000020a07b9050c method=java.io.DataOutputStream.writeByte(I)V @ 5 c2
Event: 2.236 Thread 0x0000020a1608a000 Uncommon trap: reason=bimorphic_or_optimized_type_check action=maybe_recompile pc=0x0000020a07b9050c method=java.io.DataOutputStream.writeByte(I)V @ 5 c2
Event: 7.576 Thread 0x0000020a161ae800 Uncommon trap: reason=predicate action=maybe_recompile pc=0x0000020a07c1f0a0 method=java.util.AbstractCollection.toArray([Ljava/lang/Object;)[Ljava/lang/Object; @ 43 c2
Event: 12.357 Thread 0x0000020a1608a000 Uncommon trap: reason=array_check action=maybe_recompile pc=0x0000020a07c202c0 method=java.util.AbstractCollection.toArray([Ljava/lang/Object;)[Ljava/lang/Object; @ 116 c2
Event: 12.358 Thread 0x0000020a1608a000 Uncommon trap: reason=array_check action=maybe_recompile pc=0x0000020a07c202c0 method=java.util.AbstractCollection.toArray([Ljava/lang/Object;)[Ljava/lang/Object; @ 116 c2
Event: 12.358 Thread 0x0000020a1608a000 Uncommon trap: reason=array_check action=maybe_recompile pc=0x0000020a07c202c0 method=java.util.AbstractCollection.toArray([Ljava/lang/Object;)[Ljava/lang/Object; @ 116 c2
Event: 12.358 Thread 0x0000020a1608a000 Uncommon trap: reason=array_check action=maybe_recompile pc=0x0000020a07c202c0 method=java.util.AbstractCollection.toArray([Ljava/lang/Object;)[Ljava/lang/Object; @ 116 c2

Classes redefined (10 events):
Event: 3170.023 Thread 0x0000020a7f11e800 redefined class name=com.example.demo.repo.BookRepo, count=1
Event: 3170.030 Thread 0x0000020a7f11e800 redefined class name=com.example.demo.service.BookQueryService, count=1
Event: 3170.036 Thread 0x0000020a7f11e800 redefined class name=com.example.demo.service.testJunitAndMockitor.BookThrowExeptionTest, count=4
Event: 3170.041 Thread 0x0000020a7f11e800 redefined class name=com.example.demo.service.impl.BookQueryServiceImpl, count=1
Event: 3499.345 Thread 0x0000020a7f11e800 redefined class name=com.example.demo.util.CheckValidate, count=3
Event: 3499.351 Thread 0x0000020a7f11e800 redefined class name=com.example.demo.repo.BookRepo, count=2
Event: 3499.356 Thread 0x0000020a7f11e800 redefined class name=com.example.demo.service.BookQueryService, count=2
Event: 3499.361 Thread 0x0000020a7f11e800 redefined class name=com.example.demo.service.testJunitAndMockitor.BookThrowExeptionTest, count=5
Event: 3499.366 Thread 0x0000020a7f11e800 redefined class name=com.example.demo.service.impl.BookQueryServiceImpl, count=2
Event: 6617.122 Thread 0x0000020a7f11e800 redefined class name=com.example.demo.service.testJunitAndMockitor.BookThrowExeptionTest, count=6

Internal exceptions (10 events):
Event: 17.651 Thread 0x0000020a161ae800 Exception <a 'java/lang/ClassNotFoundException'{0x00000000892e96d0}: org/springframework/context/support/LiveBeansView> (0x00000000892e96d0) thrown at [t:/workspace/open/src/hotspot/share/classfile/systemDictionary.cpp, line 231]
Event: 17.651 Thread 0x0000020a161ae800 Exception <a 'java/lang/ClassNotFoundException'{0x00000000892e9aa0}: org/springframework/boot/actuate/endpoint/jmx/EndpointMBean> (0x00000000892e9aa0) thrown at [t:/workspace/open/src/hotspot/share/classfile/systemDictionary.cpp, line 231]
Event: 17.651 Thread 0x0000020a161ae800 Exception <a 'java/lang/ClassNotFoundException'{0x00000000892e9e70}: org/springframework/boot/actuate/endpoint/jmx/DataEndpointMBean> (0x00000000892e9e70) thrown at [t:/workspace/open/src/hotspot/share/classfile/systemDictionary.cpp, line 231]
Event: 17.651 Thread 0x0000020a161ae800 Exception <a 'java/lang/ClassNotFoundException'{0x00000000892ea238}: org/springframework/context/support/LiveBeansView> (0x00000000892ea238) thrown at [t:/workspace/open/src/hotspot/share/classfile/systemDictionary.cpp, line 231]
Event: 17.651 Thread 0x0000020a161ae800 Exception <a 'java/lang/ClassNotFoundException'{0x00000000892ea5f0}: org/springframework/boot/actuate/endpoint/jmx/EndpointMBean> (0x00000000892ea5f0) thrown at [t:/workspace/open/src/hotspot/share/classfile/systemDictionary.cpp, line 231]
Event: 17.651 Thread 0x0000020a161ae800 Exception <a 'java/lang/ClassNotFoundException'{0x00000000892ea9a8}: org/springframework/boot/actuate/endpoint/jmx/DataEndpointMBean> (0x00000000892ea9a8) thrown at [t:/workspace/open/src/hotspot/share/classfile/systemDictionary.cpp, line 231]
Event: 17.651 Thread 0x0000020a161ae800 Exception <a 'java/lang/ClassNotFoundException'{0x00000000892ead58}: org/springframework/context/support/LiveBeansView> (0x00000000892ead58) thrown at [t:/workspace/open/src/hotspot/share/classfile/systemDictionary.cpp, line 231]
Event: 17.651 Thread 0x0000020a161ae800 Exception <a 'java/lang/ClassNotFoundException'{0x00000000892eb110}: org/springframework/boot/actuate/endpoint/jmx/EndpointMBean> (0x00000000892eb110) thrown at [t:/workspace/open/src/hotspot/share/classfile/systemDictionary.cpp, line 231]
Event: 17.652 Thread 0x0000020a161ae800 Exception <a 'java/lang/ClassNotFoundException'{0x00000000892eb4c8}: org/springframework/boot/actuate/endpoint/jmx/DataEndpointMBean> (0x00000000892eb4c8) thrown at [t:/workspace/open/src/hotspot/share/classfile/systemDictionary.cpp, line 231]
Event: 17.652 Thread 0x0000020a161ae800 Exception <a 'java/lang/ClassNotFoundException'{0x00000000892eb878}: org/springframework/context/support/LiveBeansView> (0x00000000892eb878) thrown at [t:/workspace/open/src/hotspot/share/classfile/systemDictionary.cpp, line 231]

Events (10 events):
Event: 34122.732 Executing VM operation: RevokeBias done
Event: 34122.791 Executing VM operation: RevokeBias
Event: 34122.791 Executing VM operation: RevokeBias done
Event: 34182.813 Executing VM operation: RevokeBias
Event: 34182.813 Executing VM operation: RevokeBias done
Event: 34182.876 Executing VM operation: RevokeBias
Event: 34182.876 Executing VM operation: RevokeBias done
Event: 34204.944 Executing VM operation: RevokeBias
Event: 34204.944 Executing VM operation: RevokeBias done
Event: 34204.945 Executing VM operation: G1CollectForAllocation


Dynamic libraries:
0x00007ff701d00000 - 0x00007ff701d47000 	D:\kafka\jdk-11.0.2\bin\javaw.exe
0x00007ffe9c130000 - 0x00007ffe9c31d000 	C:\WINDOWS\SYSTEM32\ntdll.dll
0x00007ffe99ef0000 - 0x00007ffe99fa3000 	C:\WINDOWS\System32\KERNEL32.DLL
0x00007ffe98d00000 - 0x00007ffe98f93000 	C:\WINDOWS\System32\KERNELBASE.dll
0x00007ffe9b980000 - 0x00007ffe9ba23000 	C:\WINDOWS\System32\ADVAPI32.dll
0x00007ffe9bd80000 - 0x00007ffe9be1e000 	C:\WINDOWS\System32\msvcrt.dll
0x00007ffe9ba30000 - 0x00007ffe9bace000 	C:\WINDOWS\System32\sechost.dll
0x00007ffe9be20000 - 0x00007ffe9bf42000 	C:\WINDOWS\System32\RPCRT4.dll
0x00007ffe993c0000 - 0x00007ffe99557000 	C:\WINDOWS\System32\USER32.dll
0x00007ffe983f0000 - 0x00007ffe98410000 	C:\WINDOWS\System32\win32u.dll
0x00007ffe99ec0000 - 0x00007ffe99ee9000 	C:\WINDOWS\System32\GDI32.dll
0x00007ffe98410000 - 0x00007ffe985aa000 	C:\WINDOWS\System32\gdi32full.dll
0x00007ffe98350000 - 0x00007ffe983f0000 	C:\WINDOWS\System32\msvcp_win.dll
0x00007ffe98200000 - 0x00007ffe982fa000 	C:\WINDOWS\System32\ucrtbase.dll
0x00007ffe84310000 - 0x00007ffe84589000 	C:\WINDOWS\WinSxS\amd64_microsoft.windows.common-controls_6595b64144ccf1df_6.0.17763.379_none_05b83be8071c94a1\COMCTL32.dll
0x00007ffe8ba00000 - 0x00007ffe8ba0a000 	C:\WINDOWS\SYSTEM32\VERSION.dll
0x00007ffe99560000 - 0x00007ffe9988d000 	C:\WINDOWS\System32\combase.dll
0x00007ffe98fa0000 - 0x00007ffe9901e000 	C:\WINDOWS\System32\bcryptPrimitives.dll
0x00007ffe9bb30000 - 0x00007ffe9bb5e000 	C:\WINDOWS\System32\IMM32.DLL
0x00007ffe793e0000 - 0x00007ffe793f6000 	D:\kafka\jdk-11.0.2\bin\vcruntime140.dll
0x00007ffe4e630000 - 0x00007ffe4e6da000 	D:\kafka\jdk-11.0.2\bin\msvcp140.dll
0x00007ffe4cae0000 - 0x00007ffe4d607000 	D:\kafka\jdk-11.0.2\bin\server\jvm.dll
0x00007ffe9c0f0000 - 0x00007ffe9c0f8000 	C:\WINDOWS\System32\PSAPI.DLL
0x00007ffe805c0000 - 0x00007ffe805c9000 	C:\WINDOWS\SYSTEM32\WSOCK32.dll
0x00007ffe9b910000 - 0x00007ffe9b97d000 	C:\WINDOWS\System32\WS2_32.dll
0x00007ffe96390000 - 0x00007ffe963b4000 	C:\WINDOWS\SYSTEM32\WINMM.dll
0x00007ffe96360000 - 0x00007ffe9638d000 	C:\WINDOWS\SYSTEM32\WINMMBASE.dll
0x00007ffe98300000 - 0x00007ffe9834a000 	C:\WINDOWS\System32\cfgmgr32.dll
0x00007ffe98190000 - 0x00007ffe981a1000 	C:\WINDOWS\System32\kernel.appcore.dll
0x00007ffe94c20000 - 0x00007ffe94c31000 	D:\kafka\jdk-11.0.2\bin\verify.dll
0x00007ffe89d00000 - 0x00007ffe89eed000 	C:\WINDOWS\SYSTEM32\DBGHELP.DLL
0x00007ffe84f40000 - 0x00007ffe84f6a000 	C:\WINDOWS\SYSTEM32\dbgcore.DLL
0x00007ffe79600000 - 0x00007ffe79629000 	D:\kafka\jdk-11.0.2\bin\java.dll
0x00007ffe8bf90000 - 0x00007ffe8bfc7000 	D:\kafka\jdk-11.0.2\bin\jdwp.dll
0x00007ffe926d0000 - 0x00007ffe926ff000 	D:\kafka\jdk-11.0.2\bin\instrument.dll
0x00007ffe94c00000 - 0x00007ffe94c16000 	D:\kafka\jdk-11.0.2\bin\zip.dll
0x00007ffe945d0000 - 0x00007ffe945da000 	D:\kafka\jdk-11.0.2\bin\jimage.dll
0x00007ffe9a410000 - 0x00007ffe9b900000 	C:\WINDOWS\System32\SHELL32.dll
0x00007ffe9a170000 - 0x00007ffe9a218000 	C:\WINDOWS\System32\shcore.dll
0x00007ffe985b0000 - 0x00007ffe98cfa000 	C:\WINDOWS\System32\windows.storage.dll
0x00007ffe981d0000 - 0x00007ffe981f4000 	C:\WINDOWS\System32\profapi.dll
0x00007ffe98130000 - 0x00007ffe9818d000 	C:\WINDOWS\System32\powrprof.dll
0x00007ffe99360000 - 0x00007ffe993b2000 	C:\WINDOWS\System32\shlwapi.dll
0x00007ffe990d0000 - 0x00007ffe990e7000 	C:\WINDOWS\System32\cryptsp.dll
0x00007ffe94c80000 - 0x00007ffe94c8a000 	D:\kafka\jdk-11.0.2\bin\dt_socket.dll
0x00007ffe97950000 - 0x00007ffe979b7000 	C:\WINDOWS\System32\mswsock.dll
0x00007ffe976f0000 - 0x00007ffe977b6000 	C:\WINDOWS\SYSTEM32\DNSAPI.dll
0x00007ffe9bc90000 - 0x00007ffe9bc98000 	C:\WINDOWS\System32\NSI.dll
0x00007ffe976b0000 - 0x00007ffe976ed000 	C:\WINDOWS\SYSTEM32\IPHLPAPI.DLL
0x00007ffe94620000 - 0x00007ffe94699000 	C:\WINDOWS\System32\fwpuclnt.dll
0x00007ffe99330000 - 0x00007ffe99356000 	C:\WINDOWS\System32\bcrypt.dll
0x00007ffe918c0000 - 0x00007ffe918ca000 	C:\Windows\System32\rasadhlp.dll
0x00007ffe93010000 - 0x00007ffe93029000 	D:\kafka\jdk-11.0.2\bin\net.dll
0x00007ffe8d1a0000 - 0x00007ffe8d376000 	C:\WINDOWS\SYSTEM32\urlmon.dll
0x00007ffe90910000 - 0x00007ffe90a01000 	C:\WINDOWS\SYSTEM32\WINHTTP.dll
0x00007ffe8b5d0000 - 0x00007ffe8b878000 	C:\WINDOWS\SYSTEM32\iertutil.dll
0x00007ffe97b20000 - 0x00007ffe97b2c000 	C:\WINDOWS\SYSTEM32\CRYPTBASE.DLL
0x00007ffe79560000 - 0x00007ffe79573000 	D:\kafka\jdk-11.0.2\bin\nio.dll
0x00007ffe945e0000 - 0x00007ffe945e9000 	D:\kafka\jdk-11.0.2\bin\management.dll
0x00007ffe940c0000 - 0x00007ffe940cc000 	D:\kafka\jdk-11.0.2\bin\management_ext.dll
0x00007ffe97510000 - 0x00007ffe97543000 	C:\WINDOWS\system32\rsaenh.dll
0x00007ffe98060000 - 0x00007ffe98088000 	C:\WINDOWS\SYSTEM32\USERENV.dll
0x00007ffe94500000 - 0x00007ffe94516000 	C:\WINDOWS\SYSTEM32\dhcpcsvc6.DLL
0x00007ffe944e0000 - 0x00007ffe944fc000 	C:\WINDOWS\SYSTEM32\dhcpcsvc.DLL
0x00007ffe83f10000 - 0x00007ffe83f26000 	C:\WINDOWS\system32\napinsp.dll
0x00007ffe83980000 - 0x00007ffe8399a000 	C:\WINDOWS\system32\pnrpnsp.dll
0x00007ffe842f0000 - 0x00007ffe842fe000 	C:\WINDOWS\System32\winrnr.dll
0x00007ffe94bd0000 - 0x00007ffe94beb000 	C:\WINDOWS\system32\NLAapi.dll
0x00007ffe83fa0000 - 0x00007ffe83fb5000 	C:\WINDOWS\system32\wshbth.dll

dbghelp: loaded successfully - version: 4.0.5 - missing functions: none
symbol engine: initialized successfully - sym options: 0x614 - pdb path: .;D:\kafka\jdk-11.0.2\bin;C:\WINDOWS\SYSTEM32;C:\WINDOWS\WinSxS\amd64_microsoft.windows.common-controls_6595b64144ccf1df_6.0.17763.379_none_05b83be8071c94a1;D:\kafka\jdk-11.0.2\bin\server

VM Arguments:
jvm_args: -agentlib:jdwp=transport=dt_socket,suspend=y,address=localhost:64503 -ea -javaagent:C:\sts-4.1.2.RELEASE\configuration\org.eclipse.osgi\240\0\.cp\lib\javaagent-shaded.jar -Dfile.encoding=UTF-8 
java_command: org.eclipse.jdt.internal.junit.runner.RemoteTestRunner -version 3 -port 64502 -testLoaderClass org.eclipse.jdt.internal.junit4.runner.JUnit4TestLoader -loaderpluginname org.eclipse.jdt.junit4.runtime -test com.example.demo.service.testJunitAndMockitor.BookThrowExeptionTest:findByIdThrowException
java_class_path (initial): C:\worksetRMHub\bookManeger\target\test-classes;C:\worksetRMHub\bookManeger\target\classes;C:\Users\lthung\.m2\repository\org\springframework\boot\spring-boot-starter-data-jpa\2.2.0.M1\spring-boot-starter-data-jpa-2.2.0.M1.jar;C:\Users\lthung\.m2\repository\org\springframework\boot\spring-boot-starter-aop\2.2.0.M1\spring-boot-starter-aop-2.2.0.M1.jar;C:\Users\lthung\.m2\repository\org\springframework\spring-aop\5.1.5.RELEASE\spring-aop-5.1.5.RELEASE.jar;C:\Users\lthung\.m2\repository\org\aspectj\aspectjweaver\1.9.2\aspectjweaver-1.9.2.jar;C:\Users\lthung\.m2\repository\org\springframework\boot\spring-boot-starter-jdbc\2.2.0.M1\spring-boot-starter-jdbc-2.2.0.M1.jar;C:\Users\lthung\.m2\repository\com\zaxxer\HikariCP\3.3.1\HikariCP-3.3.1.jar;C:\Users\lthung\.m2\repository\org\springframework\spring-jdbc\5.1.5.RELEASE\spring-jdbc-5.1.5.RELEASE.jar;C:\Users\lthung\.m2\repository\jakarta\activation\jakarta.activation-api\1.2.1\jakarta.activation-api-1.2.1.jar;C:\Users\lthung\.m2\repository\jakarta\persistence\jakarta.persistence-api\2.2.2\jakarta.persistence-api-2.2.2.jar;C:\Users\lthung\.m2\repository\jakarta\transaction\jakarta.transaction-api\1.3.2\jakarta.transaction-api-1.3.2.jar;C:\Users\lthung\.m2\repository\org\hibernate\hibernate-core\5.4.0.Final\hibernate-core-5.4.0.Final.jar;C:\Users\lthung\.m2\repository\org\jboss\logging\jboss-logging\3.3.2.Final\jboss-logging-3.3.2.Final.jar;C:\Users\lthung\.m2\repository\org\javassist\javassist\3.24.0-GA\javassist-3.24.0-GA.jar;C:\Users\lthung\.m2\repository\net\bytebuddy\byte-buddy\1.9.10\byte-buddy-1.9.10.jar;C:\Users\lthung\.m2\repository\antlr\antlr\2.7.7\antlr-2.7.7.jar;C:\Users\lthung\.m2\repository\org\jboss\jandex\2.0.5.Final\jandex-2.0.5.Final.jar;C:\Users\lthung\.m2\repository\com\fasterxml\classmate\1.4.0\classmate-1.4.0.jar;C:\Users\lthung\.m2\repository\org\dom4j\dom4j\2.1.1\dom4j-2.1.1.jar;C:\Users\lthung\.m2\repository\org\hibernate\common\hibernate-commons-annotations\5.1.0.Final
Launcher Type: SUN_STANDARD

[Global flags]
     intx CICompilerCount                          = 3                                         {product} {ergonomic}
     uint ConcGCThreads                            = 1                                         {product} {ergonomic}
     uint G1ConcRefinementThreads                  = 4                                         {product} {ergonomic}
   size_t G1HeapRegionSize                         = 1048576                                   {product} {ergonomic}
    uintx GCDrainStackTargetSize                   = 64                                        {product} {ergonomic}
   size_t InitialHeapSize                          = 134217728                                 {product} {ergonomic}
   size_t MarkStackSize                            = 4194304                                   {product} {ergonomic}
   size_t MaxHeapSize                              = 2118123520                                {product} {ergonomic}
   size_t MaxNewSize                               = 1270874112                                {product} {ergonomic}
   size_t MinHeapDeltaBytes                        = 1048576                                   {product} {ergonomic}
    uintx NonNMethodCodeHeapSize                   = 5830092                                {pd product} {ergonomic}
    uintx NonProfiledCodeHeapSize                  = 122914074                              {pd product} {ergonomic}
    uintx ProfiledCodeHeapSize                     = 122914074                              {pd product} {ergonomic}
    uintx ReservedCodeCacheSize                    = 251658240                              {pd product} {ergonomic}
     bool SegmentedCodeCache                       = true                                      {product} {ergonomic}
     bool UseCompressedClassPointers               = true                                 {lp64_product} {ergonomic}
     bool UseCompressedOops                        = true                                 {lp64_product} {ergonomic}
     bool UseG1GC                                  = true                                      {product} {ergonomic}
     bool UseLargePagesIndividualAllocation        = false                                  {pd product} {ergonomic}

Logging:
Log output configuration:
 #0: stdout all=warning uptime,level,tags
 #1: stderr all=off uptime,level,tags

Environment Variables:
JAVA_HOME=D:\kafka\jdk-11.0.2
PATH=D:/kafka/jdk-11.0.2/bin/server;D:/kafka/jdk-11.0.2/bin;C:\Users\USER\Desktop\spring-roo-2.0.0.RELEASE (2)\spring-roo-2.0.0.RELEASE;D:\app\lthung1\product\12.1.0\dbhome_1\bin;D:\app\lthung\product\12.1.0\dbhome_1\bin;D:\kafka\jdk-11.0.2\bin;C:\Program Files (x86)\Common Files\Oracle\Java\javapath;C:\WINDOWS\system32;C:\WINDOWS;C:\WINDOWS\System32\Wbem;C:\WINDOWS\System32\WindowsPowerShell\v1.0\;C:\WINDOWS\System32\OpenSSH\;C:\Program Files\TortoiseSVN\bin;C:\Program Files\Microsoft SQL Server\110\Tools\Binn\;C:\Program Files\TortoiseGit\bin;C:\Program Files (x86)\Microsoft SQL Server\110\Tools\Binn\;C:\Program Files\Microsoft SQL Server\110\DTS\Binn\;C:\Program Files (x86)\Microsoft SQL Server\110\Tools\Binn\ManagementStudio\;C:\Program Files (x86)\Microsoft Visual Studio 10.0\Common7\IDE\PrivateAssemblies\;C:\Program Files (x86)\Microsoft SQL Server\110\DTS\Binn\;C:\Program Files\Git\cmd;D:\spring-roo-2.0.0.RELEASE;C:\Program Files\nodejs\;C:\Users\lthung\AppData\Local\Microsoft\WindowsApps;;C:\sts-4.1.2.RELEASE;
USERNAME=lthung
OS=Windows_NT
PROCESSOR_IDENTIFIER=Intel64 Family 6 Model 158 Stepping 9, GenuineIntel



---------------  S Y S T E M  ---------------

OS: Windows 10 , 64 bit Build 17763 (10.0.17763.379)

CPU:total 4 (initial active 4) (4 cores per cpu, 1 threads per core) family 6 model 158 stepping 9, cmov, cx8, fxsr, mmx, sse, sse2, sse3, ssse3, sse4.1, sse4.2, popcnt, avx, avx2, aes, clmul, erms, rtm, 3dnowpref, lzcnt, tsc, tscinvbit, bmi1, bmi2, adx, fma

Memory: 4k page, system-wide physical 8076M (545M free)
TotalPageFile size 21156M (AvailPageFile size 3496M)
current process WorkingSet (physical memory assigned to process): 76M, peak: 181M
current process commit charge ("private bytes"): 232M, peak: 289M

vm_info: Java HotSpot(TM) 64-Bit Server VM (11.0.2+9-LTS) for windows-amd64 JRE (11.0.2+9-LTS), built on Jan 18 2019 05:24:10 by "mach5one" with MS VC++ 15.5 (VS2017)

END.
